<?xml version="1.0" encoding="UTF-8"?>
<!-- Generated by org.testng.reporters.JUnitReportReporter -->
<testsuite skipped="0" hostname="BHARATH_GATES" name="com.selenium.tests.BaseTest" tests="1" failures="0" timestamp="15 Feb 2020 07:02:58 GMT" time="1.149" errors="0">
  <testcase name="loginTest" time="1.149" classname="com.selenium.tests.BaseTest"/>
</testsuite> <!-- com.selenium.tests.BaseTest -->
