<?xml version="1.0" encoding="UTF-8"?>
<!-- Generated by org.testng.reporters.JUnitReportReporter -->
<testsuite skipped="0" hostname="BHARATH_GATES" name="forgot_password.ForgotPasswordTests" tests="1" failures="0" timestamp="16 Feb 2020 03:28:24 GMT" time="18.282" errors="0">
  <testcase name="testForgotPassword" time="18.282" classname="forgot_password.ForgotPasswordTests"/>
</testsuite> <!-- forgot_password.ForgotPasswordTests -->
